app/build/intermediates/manifest_merge_blame_file/debug/manifest-merger-blame-debug-report.txt
1<?xml version="1.0" encoding="utf-8"?>
2<manifest xmlns:android="http://schemas.android.com/apk/res/android"
3    package="cs349.uwaterloo.ca.fotag"
4    android:versionCode="1"
5    android:versionName="1.0" >
6
7    <uses-sdk
8        android:minSdkVersion="15"
8-->src/main/AndroidManifest.xml
9        android:targetSdkVersion="29" />
9-->src/main/AndroidManifest.xml
10
11    <uses-permission android:name="android.permission.INTERNET" />
11-->src/main/AndroidManifest.xml:4:5-66
11-->src/main/AndroidManifest.xml:4:22-64
12    <uses-permission android:name="android.permission.ACCESS_NETWORK_STATE" />
12-->src/main/AndroidManifest.xml:5:5-79
12-->src/main/AndroidManifest.xml:5:22-76
13
14    <application
14-->src/main/AndroidManifest.xml:6:5-27:19
15        android:allowBackup="true"
15-->src/main/AndroidManifest.xml:7:13-39
16        android:appComponentFactory="androidx.core.app.CoreComponentFactory"
16-->[androidx.core:core:1.1.0] AndroidManifest.xml:24:18-86
17        android:debuggable="true"
18        android:icon="@mipmap/ic_launcher"
18-->src/main/AndroidManifest.xml:8:13-47
19        android:label="@string/app_name"
19-->src/main/AndroidManifest.xml:9:13-45
20        android:roundIcon="@mipmap/ic_launcher_round"
20-->src/main/AndroidManifest.xml:10:13-58
21        android:supportsRtl="true"
21-->src/main/AndroidManifest.xml:11:13-39
22        android:testOnly="true"
23        android:theme="@style/AppTheme.NoActionBar"
23-->src/main/AndroidManifest.xml:12:13-56
24        android:usesCleartextTraffic="true" >
24-->src/main/AndroidManifest.xml:13:13-48
25        <activity android:name="cs349.uwaterloo.ca.fotag.MainActivity" >
25-->src/main/AndroidManifest.xml:15:9-23:20
25-->src/main/AndroidManifest.xml:15:19-47
26            <intent-filter>
26-->src/main/AndroidManifest.xml:17:13-21:29
27                <action android:name="android.intent.action.MAIN" />
27-->src/main/AndroidManifest.xml:18:17-68
27-->src/main/AndroidManifest.xml:18:25-66
28
29                <category android:name="android.intent.category.LAUNCHER" />
29-->src/main/AndroidManifest.xml:20:17-76
29-->src/main/AndroidManifest.xml:20:27-74
30            </intent-filter>
31        </activity>
32        <activity
32-->src/main/AndroidManifest.xml:24:9-26:20
33            android:name="cs349.uwaterloo.ca.fotag.PhotoDetails"
33-->src/main/AndroidManifest.xml:24:19-47
34            android:parentActivityName="cs349.uwaterloo.ca.fotag.MainActivity" >
34-->src/main/AndroidManifest.xml:25:19-61
35        </activity>
36    </application>
37
38</manifest>